2021-02-21 15:07:49  WARN pooling:72 - HHH10001002: Using Hibernate built-in connection pool (not for production use!)
2021-02-21 15:08:33  WARN pooling:72 - HHH10001002: Using Hibernate built-in connection pool (not for production use!)
2021-02-21 15:21:30  WARN pooling:72 - HHH10001002: Using Hibernate built-in connection pool (not for production use!)
2021-02-21 15:52:20  WARN pooling:72 - HHH10001002: Using Hibernate built-in connection pool (not for production use!)
2021-02-21 16:40:09  WARN pooling:72 - HHH10001002: Using Hibernate built-in connection pool (not for production use!)
2021-02-21 16:40:28  WARN pooling:72 - HHH10001002: Using Hibernate built-in connection pool (not for production use!)
2021-02-21 16:42:02  WARN pooling:72 - HHH10001002: Using Hibernate built-in connection pool (not for production use!)
2021-02-21 16:42:30  WARN pooling:72 - HHH10001002: Using Hibernate built-in connection pool (not for production use!)
2021-02-21 16:43:53  WARN pooling:72 - HHH10001002: Using Hibernate built-in connection pool (not for production use!)
2021-02-21 16:44:35  WARN pooling:72 - HHH10001002: Using Hibernate built-in connection pool (not for production use!)
2021-02-21 17:17:52  WARN pooling:72 - HHH10001002: Using Hibernate built-in connection pool (not for production use!)
2021-02-21 17:20:04  WARN pooling:72 - HHH10001002: Using Hibernate built-in connection pool (not for production use!)
2021-02-21 17:20:05 ERROR ErrorTracker:62 - line 1:31: unexpected token: LIMIT
2021-02-21 17:20:05 ERROR ErrorTracker:57 - line 1:31: unexpected token: LIMIT
line 1:31: unexpected token: LIMIT
	at org.hibernate.hql.internal.antlr.HqlBaseParser.orderElement(HqlBaseParser.java:2183)
	at org.hibernate.hql.internal.antlr.HqlBaseParser.orderByClause(HqlBaseParser.java:1184)
	at org.hibernate.hql.internal.antlr.HqlBaseParser.queryRule(HqlBaseParser.java:795)
	at org.hibernate.hql.internal.antlr.HqlBaseParser.selectStatement(HqlBaseParser.java:319)
	at org.hibernate.hql.internal.antlr.HqlBaseParser.statement(HqlBaseParser.java:198)
	at org.hibernate.hql.internal.ast.QueryTranslatorImpl.parse(QueryTranslatorImpl.java:294)
	at org.hibernate.hql.internal.ast.QueryTranslatorImpl.doCompile(QueryTranslatorImpl.java:189)
	at org.hibernate.hql.internal.ast.QueryTranslatorImpl.compile(QueryTranslatorImpl.java:144)
	at org.hibernate.engine.query.spi.HQLQueryPlan.<init>(HQLQueryPlan.java:113)
	at org.hibernate.engine.query.spi.HQLQueryPlan.<init>(HQLQueryPlan.java:73)
	at org.hibernate.engine.query.spi.QueryPlanCache.getHQLQueryPlan(QueryPlanCache.java:162)
	at org.hibernate.internal.AbstractSharedSessionContract.getQueryPlan(AbstractSharedSessionContract.java:604)
	at org.hibernate.internal.AbstractSharedSessionContract.createQuery(AbstractSharedSessionContract.java:716)
	at org.hibernate.internal.AbstractSharedSessionContract.createQuery(AbstractSharedSessionContract.java:113)
	at Controller.LoadQuestion(Controller.java:41)
	at Controller.initialize(Controller.java:25)
	at javafx.fxml/javafx.fxml.FXMLLoader.loadImpl(FXMLLoader.java:2655)
	at javafx.fxml/javafx.fxml.FXMLLoader.loadImpl(FXMLLoader.java:2548)
	at javafx.fxml/javafx.fxml.FXMLLoader.loadImpl(FXMLLoader.java:3323)
	at javafx.fxml/javafx.fxml.FXMLLoader.loadImpl(FXMLLoader.java:3280)
	at javafx.fxml/javafx.fxml.FXMLLoader.loadImpl(FXMLLoader.java:3249)
	at javafx.fxml/javafx.fxml.FXMLLoader.loadImpl(FXMLLoader.java:3222)
	at javafx.fxml/javafx.fxml.FXMLLoader.loadImpl(FXMLLoader.java:3199)
	at javafx.fxml/javafx.fxml.FXMLLoader.load(FXMLLoader.java:3192)
	at Main.start(Main.java:11)
	at javafx.graphics/com.sun.javafx.application.LauncherImpl.lambda$launchApplication1$9(LauncherImpl.java:846)
	at javafx.graphics/com.sun.javafx.application.PlatformImpl.lambda$runAndWait$12(PlatformImpl.java:455)
	at javafx.graphics/com.sun.javafx.application.PlatformImpl.lambda$runLater$10(PlatformImpl.java:428)
	at java.base/java.security.AccessController.doPrivileged(AccessController.java:391)
	at javafx.graphics/com.sun.javafx.application.PlatformImpl.lambda$runLater$11(PlatformImpl.java:427)
	at javafx.graphics/com.sun.glass.ui.InvokeLaterDispatcher$Future.run(InvokeLaterDispatcher.java:96)
	at javafx.graphics/com.sun.glass.ui.win.WinApplication._runLoop(Native Method)
	at javafx.graphics/com.sun.glass.ui.win.WinApplication.lambda$runLoop$3(WinApplication.java:174)
	at java.base/java.lang.Thread.run(Thread.java:832)
2021-02-21 17:20:24  WARN pooling:72 - HHH10001002: Using Hibernate built-in connection pool (not for production use!)
2021-02-21 17:20:25 ERROR ErrorTracker:62 - line 1:8: unexpected token: *
2021-02-21 17:20:25 ERROR ErrorTracker:57 - line 1:8: unexpected token: *
line 1:8: unexpected token: *
	at org.hibernate.hql.internal.antlr.HqlBaseParser.selectClause(HqlBaseParser.java:1268)
	at org.hibernate.hql.internal.antlr.HqlBaseParser.selectFrom(HqlBaseParser.java:1045)
	at org.hibernate.hql.internal.antlr.HqlBaseParser.queryRule(HqlBaseParser.java:748)
	at org.hibernate.hql.internal.antlr.HqlBaseParser.selectStatement(HqlBaseParser.java:319)
	at org.hibernate.hql.internal.antlr.HqlBaseParser.statement(HqlBaseParser.java:198)
	at org.hibernate.hql.internal.ast.QueryTranslatorImpl.parse(QueryTranslatorImpl.java:294)
	at org.hibernate.hql.internal.ast.QueryTranslatorImpl.doCompile(QueryTranslatorImpl.java:189)
	at org.hibernate.hql.internal.ast.QueryTranslatorImpl.compile(QueryTranslatorImpl.java:144)
	at org.hibernate.engine.query.spi.HQLQueryPlan.<init>(HQLQueryPlan.java:113)
	at org.hibernate.engine.query.spi.HQLQueryPlan.<init>(HQLQueryPlan.java:73)
	at org.hibernate.engine.query.spi.QueryPlanCache.getHQLQueryPlan(QueryPlanCache.java:162)
	at org.hibernate.internal.AbstractSharedSessionContract.getQueryPlan(AbstractSharedSessionContract.java:604)
	at org.hibernate.internal.AbstractSharedSessionContract.createQuery(AbstractSharedSessionContract.java:716)
	at org.hibernate.internal.AbstractSharedSessionContract.createQuery(AbstractSharedSessionContract.java:113)
	at Controller.LoadQuestion(Controller.java:41)
	at Controller.initialize(Controller.java:25)
	at javafx.fxml/javafx.fxml.FXMLLoader.loadImpl(FXMLLoader.java:2655)
	at javafx.fxml/javafx.fxml.FXMLLoader.loadImpl(FXMLLoader.java:2548)
	at javafx.fxml/javafx.fxml.FXMLLoader.loadImpl(FXMLLoader.java:3323)
	at javafx.fxml/javafx.fxml.FXMLLoader.loadImpl(FXMLLoader.java:3280)
	at javafx.fxml/javafx.fxml.FXMLLoader.loadImpl(FXMLLoader.java:3249)
	at javafx.fxml/javafx.fxml.FXMLLoader.loadImpl(FXMLLoader.java:3222)
	at javafx.fxml/javafx.fxml.FXMLLoader.loadImpl(FXMLLoader.java:3199)
	at javafx.fxml/javafx.fxml.FXMLLoader.load(FXMLLoader.java:3192)
	at Main.start(Main.java:11)
	at javafx.graphics/com.sun.javafx.application.LauncherImpl.lambda$launchApplication1$9(LauncherImpl.java:846)
	at javafx.graphics/com.sun.javafx.application.PlatformImpl.lambda$runAndWait$12(PlatformImpl.java:455)
	at javafx.graphics/com.sun.javafx.application.PlatformImpl.lambda$runLater$10(PlatformImpl.java:428)
	at java.base/java.security.AccessController.doPrivileged(AccessController.java:391)
	at javafx.graphics/com.sun.javafx.application.PlatformImpl.lambda$runLater$11(PlatformImpl.java:427)
	at javafx.graphics/com.sun.glass.ui.InvokeLaterDispatcher$Future.run(InvokeLaterDispatcher.java:96)
	at javafx.graphics/com.sun.glass.ui.win.WinApplication._runLoop(Native Method)
	at javafx.graphics/com.sun.glass.ui.win.WinApplication.lambda$runLoop$3(WinApplication.java:174)
	at java.base/java.lang.Thread.run(Thread.java:832)
2021-02-21 17:20:25 ERROR ErrorTracker:62 - line 1:40: unexpected token: LIMIT
2021-02-21 17:20:25 ERROR ErrorTracker:57 - line 1:40: unexpected token: LIMIT
line 1:40: unexpected token: LIMIT
	at org.hibernate.hql.internal.antlr.HqlBaseParser.orderElement(HqlBaseParser.java:2183)
	at org.hibernate.hql.internal.antlr.HqlBaseParser.orderByClause(HqlBaseParser.java:1184)
	at org.hibernate.hql.internal.antlr.HqlBaseParser.queryRule(HqlBaseParser.java:795)
	at org.hibernate.hql.internal.antlr.HqlBaseParser.selectStatement(HqlBaseParser.java:319)
	at org.hibernate.hql.internal.antlr.HqlBaseParser.statement(HqlBaseParser.java:198)
	at org.hibernate.hql.internal.ast.QueryTranslatorImpl.parse(QueryTranslatorImpl.java:294)
	at org.hibernate.hql.internal.ast.QueryTranslatorImpl.doCompile(QueryTranslatorImpl.java:189)
	at org.hibernate.hql.internal.ast.QueryTranslatorImpl.compile(QueryTranslatorImpl.java:144)
	at org.hibernate.engine.query.spi.HQLQueryPlan.<init>(HQLQueryPlan.java:113)
	at org.hibernate.engine.query.spi.HQLQueryPlan.<init>(HQLQueryPlan.java:73)
	at org.hibernate.engine.query.spi.QueryPlanCache.getHQLQueryPlan(QueryPlanCache.java:162)
	at org.hibernate.internal.AbstractSharedSessionContract.getQueryPlan(AbstractSharedSessionContract.java:604)
	at org.hibernate.internal.AbstractSharedSessionContract.createQuery(AbstractSharedSessionContract.java:716)
	at org.hibernate.internal.AbstractSharedSessionContract.createQuery(AbstractSharedSessionContract.java:113)
	at Controller.LoadQuestion(Controller.java:41)
	at Controller.initialize(Controller.java:25)
	at javafx.fxml/javafx.fxml.FXMLLoader.loadImpl(FXMLLoader.java:2655)
	at javafx.fxml/javafx.fxml.FXMLLoader.loadImpl(FXMLLoader.java:2548)
	at javafx.fxml/javafx.fxml.FXMLLoader.loadImpl(FXMLLoader.java:3323)
	at javafx.fxml/javafx.fxml.FXMLLoader.loadImpl(FXMLLoader.java:3280)
	at javafx.fxml/javafx.fxml.FXMLLoader.loadImpl(FXMLLoader.java:3249)
	at javafx.fxml/javafx.fxml.FXMLLoader.loadImpl(FXMLLoader.java:3222)
	at javafx.fxml/javafx.fxml.FXMLLoader.loadImpl(FXMLLoader.java:3199)
	at javafx.fxml/javafx.fxml.FXMLLoader.load(FXMLLoader.java:3192)
	at Main.start(Main.java:11)
	at javafx.graphics/com.sun.javafx.application.LauncherImpl.lambda$launchApplication1$9(LauncherImpl.java:846)
	at javafx.graphics/com.sun.javafx.application.PlatformImpl.lambda$runAndWait$12(PlatformImpl.java:455)
	at javafx.graphics/com.sun.javafx.application.PlatformImpl.lambda$runLater$10(PlatformImpl.java:428)
	at java.base/java.security.AccessController.doPrivileged(AccessController.java:391)
	at javafx.graphics/com.sun.javafx.application.PlatformImpl.lambda$runLater$11(PlatformImpl.java:427)
	at javafx.graphics/com.sun.glass.ui.InvokeLaterDispatcher$Future.run(InvokeLaterDispatcher.java:96)
	at javafx.graphics/com.sun.glass.ui.win.WinApplication._runLoop(Native Method)
	at javafx.graphics/com.sun.glass.ui.win.WinApplication.lambda$runLoop$3(WinApplication.java:174)
	at java.base/java.lang.Thread.run(Thread.java:832)
2021-02-21 17:21:08  WARN pooling:72 - HHH10001002: Using Hibernate built-in connection pool (not for production use!)
2021-02-21 17:21:09 ERROR ErrorTracker:62 - line 1:31: unexpected token: LIMIT
2021-02-21 17:21:09 ERROR ErrorTracker:57 - line 1:31: unexpected token: LIMIT
line 1:31: unexpected token: LIMIT
	at org.hibernate.hql.internal.antlr.HqlBaseParser.orderElement(HqlBaseParser.java:2183)
	at org.hibernate.hql.internal.antlr.HqlBaseParser.orderByClause(HqlBaseParser.java:1184)
	at org.hibernate.hql.internal.antlr.HqlBaseParser.queryRule(HqlBaseParser.java:795)
	at org.hibernate.hql.internal.antlr.HqlBaseParser.selectStatement(HqlBaseParser.java:319)
	at org.hibernate.hql.internal.antlr.HqlBaseParser.statement(HqlBaseParser.java:198)
	at org.hibernate.hql.internal.ast.QueryTranslatorImpl.parse(QueryTranslatorImpl.java:294)
	at org.hibernate.hql.internal.ast.QueryTranslatorImpl.doCompile(QueryTranslatorImpl.java:189)
	at org.hibernate.hql.internal.ast.QueryTranslatorImpl.compile(QueryTranslatorImpl.java:144)
	at org.hibernate.engine.query.spi.HQLQueryPlan.<init>(HQLQueryPlan.java:113)
	at org.hibernate.engine.query.spi.HQLQueryPlan.<init>(HQLQueryPlan.java:73)
	at org.hibernate.engine.query.spi.QueryPlanCache.getHQLQueryPlan(QueryPlanCache.java:162)
	at org.hibernate.internal.AbstractSharedSessionContract.getQueryPlan(AbstractSharedSessionContract.java:604)
	at org.hibernate.internal.AbstractSharedSessionContract.createQuery(AbstractSharedSessionContract.java:716)
	at org.hibernate.internal.AbstractSharedSessionContract.createQuery(AbstractSharedSessionContract.java:113)
	at Controller.LoadQuestion(Controller.java:41)
	at Controller.initialize(Controller.java:25)
	at javafx.fxml/javafx.fxml.FXMLLoader.loadImpl(FXMLLoader.java:2655)
	at javafx.fxml/javafx.fxml.FXMLLoader.loadImpl(FXMLLoader.java:2548)
	at javafx.fxml/javafx.fxml.FXMLLoader.loadImpl(FXMLLoader.java:3323)
	at javafx.fxml/javafx.fxml.FXMLLoader.loadImpl(FXMLLoader.java:3280)
	at javafx.fxml/javafx.fxml.FXMLLoader.loadImpl(FXMLLoader.java:3249)
	at javafx.fxml/javafx.fxml.FXMLLoader.loadImpl(FXMLLoader.java:3222)
	at javafx.fxml/javafx.fxml.FXMLLoader.loadImpl(FXMLLoader.java:3199)
	at javafx.fxml/javafx.fxml.FXMLLoader.load(FXMLLoader.java:3192)
	at Main.start(Main.java:11)
	at javafx.graphics/com.sun.javafx.application.LauncherImpl.lambda$launchApplication1$9(LauncherImpl.java:846)
	at javafx.graphics/com.sun.javafx.application.PlatformImpl.lambda$runAndWait$12(PlatformImpl.java:455)
	at javafx.graphics/com.sun.javafx.application.PlatformImpl.lambda$runLater$10(PlatformImpl.java:428)
	at java.base/java.security.AccessController.doPrivileged(AccessController.java:391)
	at javafx.graphics/com.sun.javafx.application.PlatformImpl.lambda$runLater$11(PlatformImpl.java:427)
	at javafx.graphics/com.sun.glass.ui.InvokeLaterDispatcher$Future.run(InvokeLaterDispatcher.java:96)
	at javafx.graphics/com.sun.glass.ui.win.WinApplication._runLoop(Native Method)
	at javafx.graphics/com.sun.glass.ui.win.WinApplication.lambda$runLoop$3(WinApplication.java:174)
	at java.base/java.lang.Thread.run(Thread.java:832)
2021-02-21 17:21:21  WARN pooling:72 - HHH10001002: Using Hibernate built-in connection pool (not for production use!)
2021-02-21 17:21:22 ERROR ErrorTracker:62 - line 1:30: unexpected token: LIMIT
2021-02-21 17:21:22 ERROR ErrorTracker:57 - line 1:30: unexpected token: LIMIT
line 1:30: unexpected token: LIMIT
	at org.hibernate.hql.internal.antlr.HqlBaseParser.orderElement(HqlBaseParser.java:2183)
	at org.hibernate.hql.internal.antlr.HqlBaseParser.orderByClause(HqlBaseParser.java:1184)
	at org.hibernate.hql.internal.antlr.HqlBaseParser.queryRule(HqlBaseParser.java:795)
	at org.hibernate.hql.internal.antlr.HqlBaseParser.selectStatement(HqlBaseParser.java:319)
	at org.hibernate.hql.internal.antlr.HqlBaseParser.statement(HqlBaseParser.java:198)
	at org.hibernate.hql.internal.ast.QueryTranslatorImpl.parse(QueryTranslatorImpl.java:294)
	at org.hibernate.hql.internal.ast.QueryTranslatorImpl.doCompile(QueryTranslatorImpl.java:189)
	at org.hibernate.hql.internal.ast.QueryTranslatorImpl.compile(QueryTranslatorImpl.java:144)
	at org.hibernate.engine.query.spi.HQLQueryPlan.<init>(HQLQueryPlan.java:113)
	at org.hibernate.engine.query.spi.HQLQueryPlan.<init>(HQLQueryPlan.java:73)
	at org.hibernate.engine.query.spi.QueryPlanCache.getHQLQueryPlan(QueryPlanCache.java:162)
	at org.hibernate.internal.AbstractSharedSessionContract.getQueryPlan(AbstractSharedSessionContract.java:604)
	at org.hibernate.internal.AbstractSharedSessionContract.createQuery(AbstractSharedSessionContract.java:716)
	at org.hibernate.internal.AbstractSharedSessionContract.createQuery(AbstractSharedSessionContract.java:113)
	at Controller.LoadQuestion(Controller.java:41)
	at Controller.initialize(Controller.java:25)
	at javafx.fxml/javafx.fxml.FXMLLoader.loadImpl(FXMLLoader.java:2655)
	at javafx.fxml/javafx.fxml.FXMLLoader.loadImpl(FXMLLoader.java:2548)
	at javafx.fxml/javafx.fxml.FXMLLoader.loadImpl(FXMLLoader.java:3323)
	at javafx.fxml/javafx.fxml.FXMLLoader.loadImpl(FXMLLoader.java:3280)
	at javafx.fxml/javafx.fxml.FXMLLoader.loadImpl(FXMLLoader.java:3249)
	at javafx.fxml/javafx.fxml.FXMLLoader.loadImpl(FXMLLoader.java:3222)
	at javafx.fxml/javafx.fxml.FXMLLoader.loadImpl(FXMLLoader.java:3199)
	at javafx.fxml/javafx.fxml.FXMLLoader.load(FXMLLoader.java:3192)
	at Main.start(Main.java:11)
	at javafx.graphics/com.sun.javafx.application.LauncherImpl.lambda$launchApplication1$9(LauncherImpl.java:846)
	at javafx.graphics/com.sun.javafx.application.PlatformImpl.lambda$runAndWait$12(PlatformImpl.java:455)
	at javafx.graphics/com.sun.javafx.application.PlatformImpl.lambda$runLater$10(PlatformImpl.java:428)
	at java.base/java.security.AccessController.doPrivileged(AccessController.java:391)
	at javafx.graphics/com.sun.javafx.application.PlatformImpl.lambda$runLater$11(PlatformImpl.java:427)
	at javafx.graphics/com.sun.glass.ui.InvokeLaterDispatcher$Future.run(InvokeLaterDispatcher.java:96)
	at javafx.graphics/com.sun.glass.ui.win.WinApplication._runLoop(Native Method)
	at javafx.graphics/com.sun.glass.ui.win.WinApplication.lambda$runLoop$3(WinApplication.java:174)
	at java.base/java.lang.Thread.run(Thread.java:832)
2021-02-21 17:21:37  WARN pooling:72 - HHH10001002: Using Hibernate built-in connection pool (not for production use!)
2021-02-21 17:21:38 ERROR ErrorTracker:62 - line 1:31: unexpected token: LIMIT
2021-02-21 17:21:38 ERROR ErrorTracker:57 - line 1:31: unexpected token: LIMIT
line 1:31: unexpected token: LIMIT
	at org.hibernate.hql.internal.antlr.HqlBaseParser.orderElement(HqlBaseParser.java:2183)
	at org.hibernate.hql.internal.antlr.HqlBaseParser.orderByClause(HqlBaseParser.java:1184)
	at org.hibernate.hql.internal.antlr.HqlBaseParser.queryRule(HqlBaseParser.java:795)
	at org.hibernate.hql.internal.antlr.HqlBaseParser.selectStatement(HqlBaseParser.java:319)
	at org.hibernate.hql.internal.antlr.HqlBaseParser.statement(HqlBaseParser.java:198)
	at org.hibernate.hql.internal.ast.QueryTranslatorImpl.parse(QueryTranslatorImpl.java:294)
	at org.hibernate.hql.internal.ast.QueryTranslatorImpl.doCompile(QueryTranslatorImpl.java:189)
	at org.hibernate.hql.internal.ast.QueryTranslatorImpl.compile(QueryTranslatorImpl.java:144)
	at org.hibernate.engine.query.spi.HQLQueryPlan.<init>(HQLQueryPlan.java:113)
	at org.hibernate.engine.query.spi.HQLQueryPlan.<init>(HQLQueryPlan.java:73)
	at org.hibernate.engine.query.spi.QueryPlanCache.getHQLQueryPlan(QueryPlanCache.java:162)
	at org.hibernate.internal.AbstractSharedSessionContract.getQueryPlan(AbstractSharedSessionContract.java:604)
	at org.hibernate.internal.AbstractSharedSessionContract.createQuery(AbstractSharedSessionContract.java:716)
	at org.hibernate.internal.AbstractSharedSessionContract.createQuery(AbstractSharedSessionContract.java:113)
	at Controller.LoadQuestion(Controller.java:41)
	at Controller.initialize(Controller.java:25)
	at javafx.fxml/javafx.fxml.FXMLLoader.loadImpl(FXMLLoader.java:2655)
	at javafx.fxml/javafx.fxml.FXMLLoader.loadImpl(FXMLLoader.java:2548)
	at javafx.fxml/javafx.fxml.FXMLLoader.loadImpl(FXMLLoader.java:3323)
	at javafx.fxml/javafx.fxml.FXMLLoader.loadImpl(FXMLLoader.java:3280)
	at javafx.fxml/javafx.fxml.FXMLLoader.loadImpl(FXMLLoader.java:3249)
	at javafx.fxml/javafx.fxml.FXMLLoader.loadImpl(FXMLLoader.java:3222)
	at javafx.fxml/javafx.fxml.FXMLLoader.loadImpl(FXMLLoader.java:3199)
	at javafx.fxml/javafx.fxml.FXMLLoader.load(FXMLLoader.java:3192)
	at Main.start(Main.java:11)
	at javafx.graphics/com.sun.javafx.application.LauncherImpl.lambda$launchApplication1$9(LauncherImpl.java:846)
	at javafx.graphics/com.sun.javafx.application.PlatformImpl.lambda$runAndWait$12(PlatformImpl.java:455)
	at javafx.graphics/com.sun.javafx.application.PlatformImpl.lambda$runLater$10(PlatformImpl.java:428)
	at java.base/java.security.AccessController.doPrivileged(AccessController.java:391)
	at javafx.graphics/com.sun.javafx.application.PlatformImpl.lambda$runLater$11(PlatformImpl.java:427)
	at javafx.graphics/com.sun.glass.ui.InvokeLaterDispatcher$Future.run(InvokeLaterDispatcher.java:96)
	at javafx.graphics/com.sun.glass.ui.win.WinApplication._runLoop(Native Method)
	at javafx.graphics/com.sun.glass.ui.win.WinApplication.lambda$runLoop$3(WinApplication.java:174)
	at java.base/java.lang.Thread.run(Thread.java:832)
2021-02-21 17:21:51  WARN pooling:72 - HHH10001002: Using Hibernate built-in connection pool (not for production use!)
2021-02-21 17:23:01  WARN pooling:72 - HHH10001002: Using Hibernate built-in connection pool (not for production use!)
2021-02-21 17:23:02 ERROR ErrorTracker:62 - line 1:1: unexpected token: SEELECT
2021-02-21 17:23:02 ERROR ErrorTracker:57 - line 1:1: unexpected token: SEELECT
line 1:1: unexpected token: SEELECT
	at org.hibernate.hql.internal.antlr.HqlBaseParser.statement(HqlBaseParser.java:210)
	at org.hibernate.hql.internal.ast.QueryTranslatorImpl.parse(QueryTranslatorImpl.java:294)
	at org.hibernate.hql.internal.ast.QueryTranslatorImpl.doCompile(QueryTranslatorImpl.java:189)
	at org.hibernate.hql.internal.ast.QueryTranslatorImpl.compile(QueryTranslatorImpl.java:144)
	at org.hibernate.engine.query.spi.HQLQueryPlan.<init>(HQLQueryPlan.java:113)
	at org.hibernate.engine.query.spi.HQLQueryPlan.<init>(HQLQueryPlan.java:73)
	at org.hibernate.engine.query.spi.QueryPlanCache.getHQLQueryPlan(QueryPlanCache.java:162)
	at org.hibernate.internal.AbstractSharedSessionContract.getQueryPlan(AbstractSharedSessionContract.java:604)
	at org.hibernate.internal.AbstractSharedSessionContract.createQuery(AbstractSharedSessionContract.java:716)
	at org.hibernate.internal.AbstractSharedSessionContract.createQuery(AbstractSharedSessionContract.java:113)
	at Controller.LoadQuestion(Controller.java:41)
	at Controller.initialize(Controller.java:25)
	at javafx.fxml/javafx.fxml.FXMLLoader.loadImpl(FXMLLoader.java:2655)
	at javafx.fxml/javafx.fxml.FXMLLoader.loadImpl(FXMLLoader.java:2548)
	at javafx.fxml/javafx.fxml.FXMLLoader.loadImpl(FXMLLoader.java:3323)
	at javafx.fxml/javafx.fxml.FXMLLoader.loadImpl(FXMLLoader.java:3280)
	at javafx.fxml/javafx.fxml.FXMLLoader.loadImpl(FXMLLoader.java:3249)
	at javafx.fxml/javafx.fxml.FXMLLoader.loadImpl(FXMLLoader.java:3222)
	at javafx.fxml/javafx.fxml.FXMLLoader.loadImpl(FXMLLoader.java:3199)
	at javafx.fxml/javafx.fxml.FXMLLoader.load(FXMLLoader.java:3192)
	at Main.start(Main.java:11)
	at javafx.graphics/com.sun.javafx.application.LauncherImpl.lambda$launchApplication1$9(LauncherImpl.java:846)
	at javafx.graphics/com.sun.javafx.application.PlatformImpl.lambda$runAndWait$12(PlatformImpl.java:455)
	at javafx.graphics/com.sun.javafx.application.PlatformImpl.lambda$runLater$10(PlatformImpl.java:428)
	at java.base/java.security.AccessController.doPrivileged(AccessController.java:391)
	at javafx.graphics/com.sun.javafx.application.PlatformImpl.lambda$runLater$11(PlatformImpl.java:427)
	at javafx.graphics/com.sun.glass.ui.InvokeLaterDispatcher$Future.run(InvokeLaterDispatcher.java:96)
	at javafx.graphics/com.sun.glass.ui.win.WinApplication._runLoop(Native Method)
	at javafx.graphics/com.sun.glass.ui.win.WinApplication.lambda$runLoop$3(WinApplication.java:174)
	at java.base/java.lang.Thread.run(Thread.java:832)
2021-02-21 17:23:21  WARN pooling:72 - HHH10001002: Using Hibernate built-in connection pool (not for production use!)
2021-02-21 17:25:28  WARN pooling:72 - HHH10001002: Using Hibernate built-in connection pool (not for production use!)
2021-02-21 21:39:03  WARN pooling:72 - HHH10001002: Using Hibernate built-in connection pool (not for production use!)
2021-02-21 21:39:25  WARN pooling:72 - HHH10001002: Using Hibernate built-in connection pool (not for production use!)
2021-02-21 22:04:11  WARN pooling:72 - HHH10001002: Using Hibernate built-in connection pool (not for production use!)
2021-02-21 22:06:25  WARN pooling:72 - HHH10001002: Using Hibernate built-in connection pool (not for production use!)
2021-02-21 22:14:25  WARN pooling:72 - HHH10001002: Using Hibernate built-in connection pool (not for production use!)
2021-02-21 22:14:34  WARN pooling:72 - HHH10001002: Using Hibernate built-in connection pool (not for production use!)
2021-02-21 22:15:05  WARN pooling:72 - HHH10001002: Using Hibernate built-in connection pool (not for production use!)
2021-02-21 22:16:20  WARN pooling:72 - HHH10001002: Using Hibernate built-in connection pool (not for production use!)
2021-02-21 22:24:27  WARN pooling:72 - HHH10001002: Using Hibernate built-in connection pool (not for production use!)
2021-02-21 22:27:01  WARN pooling:72 - HHH10001002: Using Hibernate built-in connection pool (not for production use!)
2021-02-21 22:27:33  WARN pooling:72 - HHH10001002: Using Hibernate built-in connection pool (not for production use!)
2021-02-21 22:27:39  WARN pooling:72 - HHH10001002: Using Hibernate built-in connection pool (not for production use!)
2021-02-21 22:28:56  WARN pooling:72 - HHH10001002: Using Hibernate built-in connection pool (not for production use!)
2021-02-21 22:32:27  WARN pooling:72 - HHH10001002: Using Hibernate built-in connection pool (not for production use!)
2021-02-21 22:33:43  WARN pooling:72 - HHH10001002: Using Hibernate built-in connection pool (not for production use!)
2021-02-21 22:33:50  WARN pooling:72 - HHH10001002: Using Hibernate built-in connection pool (not for production use!)
2021-02-21 22:56:52  WARN pooling:72 - HHH10001002: Using Hibernate built-in connection pool (not for production use!)
2021-02-21 22:57:59  WARN pooling:72 - HHH10001002: Using Hibernate built-in connection pool (not for production use!)
2021-02-21 22:59:21  WARN pooling:72 - HHH10001002: Using Hibernate built-in connection pool (not for production use!)
2021-02-21 23:01:15  WARN pooling:72 - HHH10001002: Using Hibernate built-in connection pool (not for production use!)
2021-02-21 23:02:41  WARN pooling:72 - HHH10001002: Using Hibernate built-in connection pool (not for production use!)
2021-02-21 23:03:09  WARN pooling:72 - HHH10001002: Using Hibernate built-in connection pool (not for production use!)
2021-02-21 23:03:44  WARN pooling:72 - HHH10001002: Using Hibernate built-in connection pool (not for production use!)
2021-02-21 23:04:00  WARN pooling:72 - HHH10001002: Using Hibernate built-in connection pool (not for production use!)
2021-02-21 23:05:26  WARN pooling:72 - HHH10001002: Using Hibernate built-in connection pool (not for production use!)
2021-02-21 23:07:04  WARN pooling:72 - HHH10001002: Using Hibernate built-in connection pool (not for production use!)
2021-02-21 23:07:22  WARN pooling:72 - HHH10001002: Using Hibernate built-in connection pool (not for production use!)
2021-02-21 23:08:06  WARN pooling:72 - HHH10001002: Using Hibernate built-in connection pool (not for production use!)
2021-02-21 23:08:22  WARN pooling:72 - HHH10001002: Using Hibernate built-in connection pool (not for production use!)
2021-02-21 23:08:58  WARN pooling:72 - HHH10001002: Using Hibernate built-in connection pool (not for production use!)
2021-02-21 23:10:42  WARN pooling:72 - HHH10001002: Using Hibernate built-in connection pool (not for production use!)
2021-02-21 23:10:57  WARN pooling:72 - HHH10001002: Using Hibernate built-in connection pool (not for production use!)
2021-02-21 23:11:30  WARN pooling:72 - HHH10001002: Using Hibernate built-in connection pool (not for production use!)
2021-02-21 23:12:46  WARN pooling:72 - HHH10001002: Using Hibernate built-in connection pool (not for production use!)
2021-02-21 23:13:32  WARN pooling:72 - HHH10001002: Using Hibernate built-in connection pool (not for production use!)
2021-02-21 23:15:30  WARN pooling:72 - HHH10001002: Using Hibernate built-in connection pool (not for production use!)
2021-02-21 23:16:17  WARN pooling:72 - HHH10001002: Using Hibernate built-in connection pool (not for production use!)
2021-02-21 23:16:27  WARN pooling:72 - HHH10001002: Using Hibernate built-in connection pool (not for production use!)
2021-02-21 23:16:35  WARN pooling:72 - HHH10001002: Using Hibernate built-in connection pool (not for production use!)
2021-02-21 23:17:09  WARN pooling:72 - HHH10001002: Using Hibernate built-in connection pool (not for production use!)
2021-02-21 23:17:20  WARN pooling:72 - HHH10001002: Using Hibernate built-in connection pool (not for production use!)
2021-02-21 23:17:27  WARN pooling:72 - HHH10001002: Using Hibernate built-in connection pool (not for production use!)
2021-02-21 23:17:34  WARN pooling:72 - HHH10001002: Using Hibernate built-in connection pool (not for production use!)
2021-02-21 23:17:41  WARN pooling:72 - HHH10001002: Using Hibernate built-in connection pool (not for production use!)
2021-02-22 12:25:41  WARN pooling:72 - HHH10001002: Using Hibernate built-in connection pool (not for production use!)
2021-02-22 12:25:45  WARN JdbcEnvironmentInitiator:132 - HHH000342: Could not obtain connection to query metadata : Cannot invoke "org.hibernate.engine.jdbc.connections.internal.DriverManagerConnectionProviderImpl$PoolState.getConnection()" because "this.state" is null
2021-02-22 12:25:45  WARN SqlExceptionHelper:137 - SQL Error: 0, SQLState: 08S01
2021-02-22 12:25:45 ERROR SqlExceptionHelper:142 - Communications link failure

The last packet sent successfully to the server was 0 milliseconds ago. The driver has not received any packets from the server.
2021-02-22 12:26:11  WARN pooling:72 - HHH10001002: Using Hibernate built-in connection pool (not for production use!)
2021-02-22 12:42:50  WARN pooling:72 - HHH10001002: Using Hibernate built-in connection pool (not for production use!)
2021-02-22 12:43:50  WARN pooling:72 - HHH10001002: Using Hibernate built-in connection pool (not for production use!)
2021-02-22 12:45:21  WARN pooling:72 - HHH10001002: Using Hibernate built-in connection pool (not for production use!)
2021-02-22 12:47:28  WARN pooling:72 - HHH10001002: Using Hibernate built-in connection pool (not for production use!)
2021-02-22 13:02:28  WARN pooling:72 - HHH10001002: Using Hibernate built-in connection pool (not for production use!)
2021-02-22 13:02:55  WARN pooling:72 - HHH10001002: Using Hibernate built-in connection pool (not for production use!)
2021-02-22 13:04:32  WARN pooling:72 - HHH10001002: Using Hibernate built-in connection pool (not for production use!)
2021-02-22 13:05:06  WARN pooling:72 - HHH10001002: Using Hibernate built-in connection pool (not for production use!)
2021-02-22 14:20:34  WARN pooling:72 - HHH10001002: Using Hibernate built-in connection pool (not for production use!)
2021-02-22 14:23:40  WARN pooling:72 - HHH10001002: Using Hibernate built-in connection pool (not for production use!)
2021-02-22 14:24:49  WARN pooling:72 - HHH10001002: Using Hibernate built-in connection pool (not for production use!)
2021-02-22 14:26:08  WARN pooling:72 - HHH10001002: Using Hibernate built-in connection pool (not for production use!)
2021-02-22 14:27:07  WARN pooling:72 - HHH10001002: Using Hibernate built-in connection pool (not for production use!)
2021-02-22 14:27:32  WARN pooling:72 - HHH10001002: Using Hibernate built-in connection pool (not for production use!)
2021-02-22 14:28:21  WARN pooling:72 - HHH10001002: Using Hibernate built-in connection pool (not for production use!)
2021-02-22 14:31:31  WARN pooling:72 - HHH10001002: Using Hibernate built-in connection pool (not for production use!)
2021-02-22 14:32:46  WARN pooling:72 - HHH10001002: Using Hibernate built-in connection pool (not for production use!)
2021-02-22 14:35:12  WARN pooling:72 - HHH10001002: Using Hibernate built-in connection pool (not for production use!)
2021-02-22 14:35:55  WARN pooling:72 - HHH10001002: Using Hibernate built-in connection pool (not for production use!)
2021-02-22 14:37:06  WARN pooling:72 - HHH10001002: Using Hibernate built-in connection pool (not for production use!)
2021-02-22 14:46:42  WARN pooling:72 - HHH10001002: Using Hibernate built-in connection pool (not for production use!)
2021-02-22 14:48:31  WARN pooling:72 - HHH10001002: Using Hibernate built-in connection pool (not for production use!)
2021-02-22 14:53:00  WARN pooling:72 - HHH10001002: Using Hibernate built-in connection pool (not for production use!)
2021-02-22 14:57:05  WARN pooling:72 - HHH10001002: Using Hibernate built-in connection pool (not for production use!)
2021-02-22 15:03:10  WARN pooling:72 - HHH10001002: Using Hibernate built-in connection pool (not for production use!)
2021-02-22 15:06:31  WARN pooling:72 - HHH10001002: Using Hibernate built-in connection pool (not for production use!)
2021-02-22 15:09:25  WARN pooling:72 - HHH10001002: Using Hibernate built-in connection pool (not for production use!)
2021-02-22 15:10:40  WARN pooling:72 - HHH10001002: Using Hibernate built-in connection pool (not for production use!)
2021-02-22 15:11:08  WARN pooling:72 - HHH10001002: Using Hibernate built-in connection pool (not for production use!)
2021-02-22 15:24:13  WARN pooling:72 - HHH10001002: Using Hibernate built-in connection pool (not for production use!)
2021-02-22 15:30:49  WARN pooling:72 - HHH10001002: Using Hibernate built-in connection pool (not for production use!)
2021-02-22 15:41:04  WARN pooling:72 - HHH10001002: Using Hibernate built-in connection pool (not for production use!)
2021-02-22 15:42:36  WARN pooling:72 - HHH10001002: Using Hibernate built-in connection pool (not for production use!)
2021-02-22 15:44:04  WARN pooling:72 - HHH10001002: Using Hibernate built-in connection pool (not for production use!)
2021-02-22 15:44:53  WARN pooling:72 - HHH10001002: Using Hibernate built-in connection pool (not for production use!)
2021-02-22 15:45:28  WARN pooling:72 - HHH10001002: Using Hibernate built-in connection pool (not for production use!)
2021-02-22 15:46:17  WARN pooling:72 - HHH10001002: Using Hibernate built-in connection pool (not for production use!)
2021-02-22 15:47:06  WARN pooling:72 - HHH10001002: Using Hibernate built-in connection pool (not for production use!)
2021-02-22 15:47:25  WARN pooling:72 - HHH10001002: Using Hibernate built-in connection pool (not for production use!)
2021-02-22 15:48:31  WARN pooling:72 - HHH10001002: Using Hibernate built-in connection pool (not for production use!)
2021-02-22 15:48:52  WARN pooling:72 - HHH10001002: Using Hibernate built-in connection pool (not for production use!)
2021-02-22 15:49:22  WARN pooling:72 - HHH10001002: Using Hibernate built-in connection pool (not for production use!)
2021-02-22 16:13:31  WARN pooling:72 - HHH10001002: Using Hibernate built-in connection pool (not for production use!)
2021-02-22 16:14:19  WARN pooling:72 - HHH10001002: Using Hibernate built-in connection pool (not for production use!)
2021-02-22 16:15:25  WARN pooling:72 - HHH10001002: Using Hibernate built-in connection pool (not for production use!)
2021-02-22 16:20:31  WARN pooling:72 - HHH10001002: Using Hibernate built-in connection pool (not for production use!)
2021-02-22 16:21:55  WARN pooling:72 - HHH10001002: Using Hibernate built-in connection pool (not for production use!)
2021-02-22 16:25:59  WARN pooling:72 - HHH10001002: Using Hibernate built-in connection pool (not for production use!)
2021-02-22 16:27:26  WARN pooling:72 - HHH10001002: Using Hibernate built-in connection pool (not for production use!)
2021-02-22 16:30:08  WARN pooling:72 - HHH10001002: Using Hibernate built-in connection pool (not for production use!)
2021-02-22 16:31:03  WARN pooling:72 - HHH10001002: Using Hibernate built-in connection pool (not for production use!)
2021-02-22 16:32:17  WARN pooling:72 - HHH10001002: Using Hibernate built-in connection pool (not for production use!)
2021-02-22 16:37:33  WARN pooling:72 - HHH10001002: Using Hibernate built-in connection pool (not for production use!)
2021-02-22 16:39:10  WARN pooling:72 - HHH10001002: Using Hibernate built-in connection pool (not for production use!)
2021-02-22 16:39:39  WARN pooling:72 - HHH10001002: Using Hibernate built-in connection pool (not for production use!)
2021-02-22 16:40:07  WARN pooling:72 - HHH10001002: Using Hibernate built-in connection pool (not for production use!)
2021-02-22 16:40:28  WARN pooling:72 - HHH10001002: Using Hibernate built-in connection pool (not for production use!)
2021-02-22 16:41:36  WARN pooling:72 - HHH10001002: Using Hibernate built-in connection pool (not for production use!)
2021-02-22 16:44:04  WARN pooling:72 - HHH10001002: Using Hibernate built-in connection pool (not for production use!)
2021-02-22 16:46:58  WARN pooling:72 - HHH10001002: Using Hibernate built-in connection pool (not for production use!)
2021-02-22 16:47:39  WARN pooling:72 - HHH10001002: Using Hibernate built-in connection pool (not for production use!)
2021-02-22 16:48:42  WARN pooling:72 - HHH10001002: Using Hibernate built-in connection pool (not for production use!)
2021-02-22 16:49:09  WARN pooling:72 - HHH10001002: Using Hibernate built-in connection pool (not for production use!)
2021-02-22 16:52:27  WARN pooling:72 - HHH10001002: Using Hibernate built-in connection pool (not for production use!)
2021-02-22 16:53:57  WARN pooling:72 - HHH10001002: Using Hibernate built-in connection pool (not for production use!)
2021-02-22 16:54:18  WARN pooling:72 - HHH10001002: Using Hibernate built-in connection pool (not for production use!)
2021-02-22 16:54:36  WARN pooling:72 - HHH10001002: Using Hibernate built-in connection pool (not for production use!)
2021-02-22 16:55:03  WARN pooling:72 - HHH10001002: Using Hibernate built-in connection pool (not for production use!)
2021-02-22 16:55:15  WARN pooling:72 - HHH10001002: Using Hibernate built-in connection pool (not for production use!)
2021-02-22 16:55:28  WARN pooling:72 - HHH10001002: Using Hibernate built-in connection pool (not for production use!)
2021-02-22 16:55:50  WARN pooling:72 - HHH10001002: Using Hibernate built-in connection pool (not for production use!)
2021-02-22 17:01:21  WARN pooling:72 - HHH10001002: Using Hibernate built-in connection pool (not for production use!)
2021-02-22 17:01:37  WARN pooling:72 - HHH10001002: Using Hibernate built-in connection pool (not for production use!)
2021-02-22 17:02:37  WARN pooling:72 - HHH10001002: Using Hibernate built-in connection pool (not for production use!)
2021-02-22 17:03:23  WARN pooling:72 - HHH10001002: Using Hibernate built-in connection pool (not for production use!)
2021-02-22 17:04:01  WARN pooling:72 - HHH10001002: Using Hibernate built-in connection pool (not for production use!)
2021-02-22 17:04:13  WARN pooling:72 - HHH10001002: Using Hibernate built-in connection pool (not for production use!)
2021-02-22 17:04:36  WARN pooling:72 - HHH10001002: Using Hibernate built-in connection pool (not for production use!)
